<?xml version="1.0" encoding="UTF-8"?>
<!-- Generated by org.testng.reporters.JUnitReportReporter -->
<testsuite hostname="DESKTOP-D7V1PLT" failures="0" tests="1" name="TestCases.Verify_Register_UsingExcelSheet" time="7.415" errors="0" timestamp="2023-09-11T08:42:22 IST" skipped="0">
  <testcase classname="TestCases.Verify_Register_UsingExcelSheet" name="registerUser" time="7.415"/>
  <system-out/>
</testsuite> <!-- TestCases.Verify_Register_UsingExcelSheet -->
