<?xml version="1.0" encoding="UTF-8"?>
<!-- Generated by org.testng.reporters.JUnitReportReporter -->
<testsuite hostname="DESKTOP-D7V1PLT" failures="0" tests="1" name="TestCases.Verify_Footer" time="46.986" errors="0" timestamp="2023-09-11T08:42:22 IST" skipped="0">
  <testcase classname="TestCases.Verify_Footer" name="footer" time="46.986"/>
  <system-out/>
</testsuite> <!-- TestCases.Verify_Footer -->
